Microsoft HTML Help Compiler 4.74.8702

Compiling d:\Delphi6\DynaGeo25\HTMLHelp\dynageo.chm

html\zeichnungversch.htm
html\abstand.htm
html\acmirrorpt.htm
html\adrehdef.htm
html\amoveobj.htm
html\apspiedef.htm
html\apspieobj.htm
html\arotobj.htm
html\aspiedef.htm
html\aspieobj.htm
html\aversdef.htm
html\changewinsys.htm
html\choosemenukonf.htm
html\clip2grid.htm
html\createmenukonf.htm
html\danke.htm
html\dateieigensch.htm
html\dgxinhtml.htm
html\drucken.htm
html\druckeropt.htm
html\dynageox.htm
html\dynworksheets.htm
html\einstellungen.htm
html\ende.htm
html\euklwindow.htm
html\geometria.htm
html\gerade_basis.htm
html\gerade_bestw.htm
html\gerade_ptpt.htm
html\grundlagen.htm
html\inhalt.htm
html\internedetails.htm
html\konstrtext.htm
html\koordpunkt.htm
html\koordsys.htm
html\koordsysbasics.htm
html\kopieren.htm
html\kreis_basis.htm
html\kreisbestrad.htm
html\kreisbogen.htm
html\kreismpkp.htm
html\lizbed.htm
html\load.htm
html\loeschbasics.htm
html\loeschenwiderrufen.htm
html\lot.htm
html\makrodel.htm
html\makrodetails.htm
html\makroedithlp.htm
html\makroload.htm
html\makroneu.htm
html\makrorun.htm
html\makrosave.htm
html\menuabb.htm
html\menubearb.htm
html\menudatei.htm
html\menudivers.htm
html\menudraw.htm
html\menuhelp.htm
html\menukonfdat.htm
html\menukonstr.htm
html\menumakro.htm
html\menumess.htm
html\mittelpunkt.htm
html\mittelsenkr.htm
html\mousearrows.htm
html\neck.htm
html\netinst.htm
html\neu.htm
html\objdel.htm
html\objedit.htm
html\objhide.htm
html\olineauto.htm
html\olinedyn.htm
html\olineopt.htm
html\optabb.htm
html\optdarst.htm
html\optexport.htm
html\optintern.htm
html\optkonstrtext.htm
html\optmeasure.htm
html\optstart.htm
html\ortslinie.htm
html\parall.htm
html\printpreview.htm
html\probdarst.htm
html\probexport.htm
html\probhelp.htm
html\problems.htm
html\probprint.htm
html\probskal.htm
html\ptonline.htm
html\punkt_basis.htm
html\punktbinden.htm
html\punktfix.htm
html\punktloesen.htm
html\punktunfix.htm
html\register.htm
html\relations.htm
html\rueckblende.htm
html\saveas.htm
html\savedgxpage.htm
html\schnitt.htm
html\specialkeys.htm
html\speichern.htm
html\startparams.htm
html\startproc.htm
html\stepback.htm
html\strahl.htm
html\strecke.htm
html\streckebestl.htm
html\tastaturmaus.htm
html\textbox.htm
html\tip2.htm
html\toolbar.htm
html\update.htm
html\vektor.htm
html\voraussetzungen.htm
html\whyax.htm
html\winkel.htm
html\winkelbogen.htm
html\winkeldetails.htm
html\winkelhalb.htm
html\zeichnungeditieren.htm
html\zeichnunggross.htm
html\zeichnungklein.htm
html\3eck.htm
html\tool_abbilden.htm
html\tool_formfarbe.htm
html\tool_messrech.htm
html\tool_mainbar.htm
html\tool_konstruieren.htm
html\dynadrawhtml.htm
html\impressum.htm
html\savegmapage.htm
html\newbies.htm
html\termobj.htm
html\numberobj.htm
html\termsyntax.htm
html\astreckdef.htm
html\astreckobj.htm
html\makspbtn.htm
HTML\Probhh.htm
HTML\termstandard.htm
HTML\allobjshow.htm
HTML\area2foregr.htm
HTML\bindtext2obj.htm
HTML\unbindtext.htm
HTML\edittext.htm
HTML\polydetails.htm
HTML\aniparams.htm
HTML\anibasics.htm
HTML\tool_animation.htm
HTML\olinestandard.htm
HTML\probstart.htm
dynageo.hhc
Dynageo.hhk
html\menues.htm
html\lookinside.htm
html\adminhints.htm
HTML\install.htm
html\JumpingPoints.htm
html\poly2foregr.htm
images\toolb405.gif
images\toolmirrorcirclept.gif
images\Kreisspiegelung.png
images\tooldefrotation.gif
images\toolmoveobj.gif
images\tooldefmirrorcentre.gif
images\toolmirrorcentreobj.gif
images\toolrotobj.gif
images\tooldefmirroraxis.gif
images\toolmirroraxisobj.gif
images\tooldefmove.gif
images\toolb403.gif
images\toolb104.gif
images\toolb210.gif
images\toolb216.gif
images\toolb211.gif
images\toolb202.gif
images\toolb401.gif
images\toolb217.gif
images\toolb219.gif
images\toolb222.gif
images\toolb218.gif
images\toolb102.gif
images\toolb113.gif
images\toolb212.gif
images\toolb206.gif
images\toolb214.gif
images\pfeil.gif
images\kreuz.gif
images\kreukrei.gif
images\zange.gif
images\hand.gif
images\toolb502.gif
images\toolb101.gif
images\toolb107.gif
images\toolb105.gif
images\toolb106.gif
images\toolb108.gif
images\toolb213.gif
images\toolb203.gif
images\toolb201.gif
images\toolb110.gif
images\toolb402.gif
images\toolb111.gif
images\toolb404.gif
images\toolb204.gif
images\toolb103.gif
images\toolb112.gif
images\toolb221.gif
images\toolb207.gif
images\toolb208.gif
images\toolvector.gif
images\toolb406.gif
images\toolb215.gif
images\toolb501.gif
IMAGES\ToolPinsel.gif
images\toolb301b.gif
images\toolb302.gif
images\toolb303.gif
images\toolb304.gif
IMAGES\ToolKanne.gif
IMAGES\ToolSchere.gif
images\toolb407.gif
images\ToolNumberObj.gif
images\toolaction.gif
images\euklicon.gif
images\ToolDefStreching.gif
images\ToolStrechObj.gif
images\toolb505.gif
IMAGES\Toolb419.gif
images\navibtns.gif
images\Wiha01.gif
images\Wiha02.gif
images\Wiha03.gif
eukldef.js

Compile time: 0 minutes, 4 seconds
163	Topics
675	Local links
11	Internet links
74	Graphics


Created d:\Delphi6\DynaGeo25\HTMLHelp\dynageo.chm, 249,483 bytes
Compression decreased file by 277,566 bytes.
