Microsoft HTML Help Compiler 4.74.8702

Compiling d:\Dokumente\Delphi2010\Projekte\DynaGeo40\HTMLHelp\dynageo.chm

html\zeichnungversch.htm
html\abstand.htm
html\acmirrorpt.htm
html\amoveobj.htm
html\apspieobj.htm
html\arotobj.htm
html\aspieobj.htm
html\choosemenukonf.htm
html\clip2grid.htm
html\createmenukonf.htm
html\danke.htm
html\drucken.htm
html\druckeropt.htm
html\dynworksheets.htm
html\einstellungen.htm
html\ende.htm
html\euklwindow.htm
html\gerade_basis.htm
html\gerade_bestw.htm
html\gerade_ptpt.htm
html\grundlagen.htm
html\inhalt.htm
html\internedetails.htm
html\konstrtext.htm
html\koordpunkt.htm
html\koordsys.htm
html\koordsysbasics.htm
html\kopieren.htm
html\kreis_basis.htm
html\kreisbestrad.htm
html\kreisbogen.htm
html\kreismpkp.htm
html\lizbed.htm
html\load.htm
html\loeschbasics.htm
html\loeschenwiderrufen.htm
html\lot.htm
html\makrodel.htm
html\makrodetails.htm
html\makroedithlp.htm
html\makroload.htm
html\makroneu.htm
html\makrorun.htm
html\makrosave.htm
html\menuabb.htm
html\menubearb.htm
html\menudatei.htm
html\menudivers.htm
html\menuhelp.htm
html\menukonfdat.htm
html\menukonstr.htm
html\menumakro.htm
html\menumess.htm
html\mittelpunkt.htm
html\mittelsenkr.htm
html\mousearrows.htm
html\neck.htm
html\netinst.htm
html\neu.htm
html\objdel.htm
html\objedit.htm
html\objhide.htm
html\olinedyn.htm
html\olineopt.htm
html\optabb.htm
html\optdarst.htm
html\optexport.htm
html\optintern.htm
html\optkonstrtext.htm
html\optmeasure.htm
html\optstart.htm
html\ortslinie.htm
html\parall.htm
html\printpreview.htm
html\probexport.htm
html\probhelp.htm
html\problems.htm
html\probprint.htm
html\probskal.htm
html\ptonline.htm
html\punkt_basis.htm
html\punktbinden.htm
html\punktfix.htm
html\punktloesen.htm
html\punktunfix.htm
html\register.htm
html\relations.htm
html\rueckblende.htm
html\saveas.htm
html\savedgxpage.htm
html\schnitt.htm
html\specialkeys.htm
html\speichern.htm
html\startparams.htm
html\startproc.htm
html\stepback.htm
html\strahl.htm
html\strecke.htm
html\streckebestl.htm
html\tastaturmaus.htm
html\textbox.htm
html\tip2.htm
html\toolbar.htm
html\update.htm
html\vektor.htm
html\voraussetzungen.htm
html\winkel.htm
html\winkelbogen.htm
html\winkeldetails.htm
html\winkelhalb.htm
html\zeichnungeditieren.htm
html\zeichnunggross.htm
html\zeichnungklein.htm
html\3eck.htm
html\tool_abbilden.htm
html\tool_formfarbe.htm
html\tool_messrech.htm
html\tool_mainbar.htm
html\tool_konstruieren.htm
html\dynadrawhtml.htm
html\impressum.htm
html\newbies.htm
html\termobj.htm
html\numberobj.htm
html\termsyntax.htm
html\astreckobj.htm
html\makspbtn.htm
HTML\termstandard.htm
HTML\allobjshow.htm
HTML\area2foregr.htm
HTML\bindtext2obj.htm
HTML\unbindtext.htm
HTML\edittext.htm
HTML\polydetails.htm
HTML\aniparams.htm
HTML\anibasics.htm
HTML\tool_animation.htm
HTML\olinestandard.htm
HTML\probstart.htm
HTML\editobjskin.htm
HTML\fillarea.htm
HTML\cutarea.htm
HTML\netopt.htm
HTML\DGX_CMDS.HTM
HTML\streckeeinsch.htm
HTML\loadbackpic.htm
HTML\zeichnungnormal.htm
HTML\geo3eck.htm
HTML\riemannsum.htm
HTML\REGNECK.HTM
HTML\editmat.htm
HTML\graphdetails.htm
HTML\pt2basept.htm
HTML\combinepts.htm
HTML\eukldef.htm
HTML\einhuellende.htm
HTML\probcomp.htm
HTML\polynom.htm
HTML\pol.htm
HTML\polare.htm
HTML\tipsLupe.htm
HTML\game_01.htm
HTML\game_02.htm
HTML\magnglass.htm
dynageo.hhc
Dynageo.hhk
html\menues.htm
HTML\savedgjpage.htm
HTML\menuansicht.htm
HTML\objgroup.htm
HTML\blinkbaseobj.htm
HTML\refreshview.htm
HTML\punkt_gitter.htm
HTML\defaffin.htm
HTML\objabb.htm
HTML\menukurven.htm
HTML\graph.htm
HTML\tangente.htm
HTML\grapharea.htm
HTML\menuconics.htm
HTML\ellipseF.htm
HTML\ellipseS.htm
HTML\ellipseK.htm
HTML\parabelF.htm
HTML\parabelT.htm
HTML\hyperbelF.htm
HTML\hyperbelA.htm
HTML\conic5p.htm
HTML\measure_area.htm
HTML\okcheckrun.htm
HTML\copyright.htm
HTML\dynahelp.htm
HTML\okcheckcfg.htm
HTML\viewercmds.htm
HTML\tool_curves.htm
HTML\altcmds.htm
html\lookinside.htm
HTML\groupbasics.htm
HTML\boolterm.htm
HTML\okcheck.htm
HTML\dgx_dgj.htm
HTML\dgx_html.htm
HTML\dgj_html.htm
HTML\dgx_win.htm
HTML\dgj_win.htm
html\adminhints.htm
HTML\reports.htm
html\JumpingPoints.htm
HTML\Intersections.htm
HTML\recurs_fkt.htm
HTML\angle_unit.htm
HTML\insthints.htm
HTML\install.htm
html\poly2foregr.htm
images\toolb405.gif
images\toolmirrorcirclept.gif
images\Kreisspiegelung.png
images\toolmoveobj.gif
images\toolmirrorcentreobj.gif
images\toolrotobj.gif
images\toolmirroraxisobj.gif
images\toolb403.gif
images\toolb104.gif
images\toolb210.gif
images\toolb216.gif
images\toolb211.gif
images\toolb202.gif
images\toolb401.gif
images\toolb217.gif
images\toolb219.gif
images\toolb222.gif
images\toolb218.gif
images\toolb102.gif
images\toolb113.gif
images\toolb212.gif
images\toolb206.gif
images\toolb214.gif
images\pfeil.gif
images\kreuz.gif
images\kreukrei.gif
images\zange.gif
images\hand.gif
images\toolb502.gif
images\toolb101.gif
images\toolb107.gif
images\toolb105.gif
images\toolb106.gif
images\toolb108.gif
images\toolb213.gif
images\toolb203.gif
images\toolb201.gif
images\toolb110.gif
images\toolb402.gif
images\toolb111.gif
images\toolb404.gif
images\toolb204.gif
images\toolb103.gif
images\toolb112.gif
images\toolb221.gif
images\toolb207.gif
images\toolb208.gif
images\ToolTextbox2.gif
images\toolvector.gif
images\toolb406.gif
images\toolb215.gif
images\toolb501.gif
IMAGES\ToolStrechObj.gif
images\tooldefaffin.gif
IMAGES\ToolMapObj.gif
IMAGES\ToolPinsel.gif
IMAGES\ToolKanne.gif
IMAGES\ToolSchere.gif
IMAGES\Toolb409.gif
images\toolb407.gif
images\ToolNumberObj.gif
images\toolpicture.gif
images\toolaction.gif
images\toolchecksol2.gif
images\euklicon.gif
images\toolb505.gif
IMAGES\Toolb419.gif
images\navibtns.gif
images\toolb304.gif
images\toolb302.gif
images\toolb301.gif
images\toolb303.gif
IMAGES\graphpro.png
images\toolpol2.gif
images\toolpolare2.gif
images\toolgraph.gif
images\tooltangente.gif
images\toolgrapharea.gif
images\toolellipseF.gif
images\toolellipseS.gif
images\toolellipseK.gif
images\toolparabelF.gif
images\toolparabelT.gif
images\toolhyperbelF.gif
images\toolhyperbelA.gif
images\toolconic.gif
images\Wiha01.gif
images\Wiha02.gif
images\Wiha03.gif
IMAGES\rec_fkt_01.png
IMAGES\angle_01.png
IMAGES\angle_02.png
IMAGES\angle_03.png
IMAGES\angle_04.png
IMAGES\angle_05.png
IMAGES\angle_06.png
eukldef.js
images\geo3eck2.bmp
images\toolenvelop.bmp
images\toolglass.bmp

Compile time: 0 minutes, 2 seconds
214	Topics
958	Local links
7	Internet links
96	Graphics


Created d:\Dokumente\Delphi2010\Projekte\DynaGeo40\HTMLHelp\dynageo.chm, 494,346 bytes
Compression decreased file by 423,238 bytes.
